workflow: An unexpected error occurred: maximum recursion depth exceeded
Traceback (most recent call last):
  File "C:\Users\Ali\Desktop\Nuntius-ChannelTracker\apps\workers\pravus-generator\src\utils\workflow.py", line 303, in process_complete_task
    task_manager = get_task_manager()
                   ^^^^^^^^^^^^^^^^^^
  File "C:\Users\Ali\Desktop\Nuntius-ChannelTracker\apps\workers\pravus-generator\src\utils\workflow.py", line 23, in get_task_manager
    task_manager = get_task_manager()
                   ^^^^^^^^^^^^^^^^^^
  File "C:\Users\Ali\Desktop\Nuntius-ChannelTracker\apps\workers\pravus-generator\src\utils\workflow.py", line 23, in get_task_manager
    task_manager = get_task_manager()
                   ^^^^^^^^^^^^^^^^^^
  File "C:\Users\Ali\Desktop\Nuntius-ChannelTracker\apps\workers\pravus-generator\src\utils\workflow.py", line 23, in get_task_manager
    task_manager = get_task_manager()
                   ^^^^^^^^^^^^^^^^^^
  [Previous line repeated 4993 more times]
RecursionError: maximum recursion depth exceeded
workflow: Error updating task 51390467-7d7a-4da4-904e-bed14832bcb3 status: maximum recursion depth exceeded
Traceback (most recent call last):
  File "C:\Users\Ali\Desktop\Nuntius-ChannelTracker\apps\workers\pravus-generator\src\utils\workflow.py", line 303, in process_complete_task
    task_manager = get_task_manager()
                   ^^^^^^^^^^^^^^^^^^
  File "C:\Users\Ali\Desktop\Nuntius-ChannelTracker\apps\workers\pravus-generator\src\utils\workflow.py", line 23, in get_task_manager
    task_manager = get_task_manager()
                   ^^^^^^^^^^^^^^^^^^
  File "C:\Users\Ali\Desktop\Nuntius-ChannelTracker\apps\workers\pravus-generator\src\utils\workflow.py", line 23, in get_task_manager
    task_manager = get_task_manager()
                   ^^^^^^^^^^^^^^^^^^
  File "C:\Users\Ali\Desktop\Nuntius-ChannelTracker\apps\workers\pravus-generator\src\utils\workflow.py", line 23, in get_task_manager
    task_manager = get_task_manager()
                   ^^^^^^^^^^^^^^^^^^
  [Previous line repeated 4993 more times]
RecursionError: maximum recursion depth exceeded

During handling of the above exception, another exception occurred:

Traceback (most recent call last):
  File "C:\Users\Ali\Desktop\Nuntius-ChannelTracker\apps\workers\pravus-generator\src\utils\workflow.py", line 959, in update_task_status
    task_manager = get_task_manager()
                   ^^^^^^^^^^^^^^^^^^
  File "C:\Users\Ali\Desktop\Nuntius-ChannelTracker\apps\workers\pravus-generator\src\utils\workflow.py", line 23, in get_task_manager
    task_manager = get_task_manager()
                   ^^^^^^^^^^^^^^^^^^
  File "C:\Users\Ali\Desktop\Nuntius-ChannelTracker\apps\workers\pravus-generator\src\utils\workflow.py", line 23, in get_task_manager
    task_manager = get_task_manager()
                   ^^^^^^^^^^^^^^^^^^
  File "C:\Users\Ali\Desktop\Nuntius-ChannelTracker\apps\workers\pravus-generator\src\utils\workflow.py", line 23, in get_task_manager
    task_manager = get_task_manager()
                   ^^^^^^^^^^^^^^^^^^
  [Previous line repeated 4990 more times]
RecursionError: maximum recursion depth exceeded
